<?xml version="1.0" encoding="UTF-8"?>
<testsuite name="practice01.Practice01Test" tests="2" skipped="0" failures="0" errors="0" timestamp="2018-04-09T14:11:30" hostname="DESKTOP-Q8J7T3P" time="0.062">
  <properties/>
  <testcase name="should_person_have_an_introduce_method_which_introduce_person_with_name_and_age" classname="practice01.Practice01Test" time="0.051"/>
  <testcase name="should_person_have_name_and_age" classname="practice01.Practice01Test" time="0.009"/>
  <system-out><![CDATA[]]></system-out>
  <system-err><![CDATA[]]></system-err>
</testsuite>
